<?xml version="1.0" encoding="UTF-8"?>
<!-- Generated by org.testng.reporters.JUnitReportReporter -->
<testsuite hostname="DESKTOP-QNHJ5Q7" name="screenshotExample.AmazonSearchItems" tests="1" failures="0" timestamp="27 Feb 2023 07:29:26 GMT" time="2.975" errors="0">
  <testcase name="verifyPromptAlert" time="2.975" classname="screenshotExample.AmazonSearchItems"/>
</testsuite> <!-- screenshotExample.AmazonSearchItems -->
