<?xml version="1.0" encoding="UTF-8"?>
<!-- Generated by org.testng.reporters.JUnitReportReporter -->
<testsuite hostname="DESKTOP-QNHJ5Q7" name="AnnotationExample.AnnotationExample" tests="2" failures="0" timestamp="28 Feb 2023 07:04:58 GMT" time="0.016" errors="0">
  <testcase name="login" time="0.007" classname="AnnotationExample.AnnotationExample"/>
  <testcase name="logout" time="0.009" classname="AnnotationExample.AnnotationExample"/>
</testsuite> <!-- AnnotationExample.AnnotationExample -->
