<?xml version="1.0" encoding="UTF-8"?>
<!-- Generated by org.testng.reporters.JUnitReportReporter -->
<testsuite hostname="DESKTOP-QNHJ5Q7" name="controlExample.HandleInputbox" tests="1" failures="0" timestamp="27 Feb 2023 07:02:04 GMT" time="11.826" errors="0">
  <testcase name="verifyInput" time="11.826" classname="controlExample.HandleInputbox"/>
</testsuite> <!-- controlExample.HandleInputbox -->
