<?xml version="1.0" encoding="UTF-8"?>
<!-- Generated by org.testng.reporters.JUnitReportReporter -->
<testsuite hostname="DESKTOP-QNHJ5Q7" name="AnnotationExample.AmazonExamplePriroity" tests="4" failures="0" timestamp="5 Mar 2023 15:57:38 GMT" time="0.021" errors="0">
  <testcase name="payment" time="0.001" classname="AnnotationExample.AmazonExamplePriroity"/>
  <testcase name="logout" time="0.003" classname="AnnotationExample.AmazonExamplePriroity"/>
  <testcase name="addItems" time="0.002" classname="AnnotationExample.AmazonExamplePriroity"/>
  <testcase name="login" time="0.015" classname="AnnotationExample.AmazonExamplePriroity"/>
</testsuite> <!-- AnnotationExample.AmazonExamplePriroity -->
