<?xml version="1.0" encoding="UTF-8"?>
<!-- Generated by org.testng.reporters.JUnitReportReporter -->
<testsuite hostname="DESKTOP-QNHJ5Q7" name="actionExample.RightClickDoubleClickTest" tests="2" failures="0" timestamp="2 Mar 2023 06:42:02 GMT" time="4.628" errors="0">
  <testcase name="DoubleClicktest" time="2.302" classname="actionExample.RightClickDoubleClickTest"/>
  <testcase name="RightClicktest" time="2.326" classname="actionExample.RightClickDoubleClickTest"/>
</testsuite> <!-- actionExample.RightClickDoubleClickTest -->
