<?xml version="1.0" encoding="UTF-8"?>
<!-- Generated by org.testng.reporters.JUnitReportReporter -->
<testsuite hostname="DESKTOP-QNHJ5Q7" name="actionExample.AmaoznCreateWishList" tests="1" failures="0" timestamp="2 Mar 2023 06:29:46 GMT" time="1.793" errors="0">
  <testcase name="verifyLogin" time="1.793" classname="actionExample.AmaoznCreateWishList"/>
</testsuite> <!-- actionExample.AmaoznCreateWishList -->
