<?xml version="1.0" encoding="UTF-8"?>
<!-- Generated by org.testng.reporters.JUnitReportReporter -->
<testsuite hostname="DESKTOP-QNHJ5Q7" name="AnnotationExample.CrossBrowser" tests="2" failures="0" timestamp="28 Feb 2023 07:34:31 GMT" time="94.653" errors="0">
  <testcase name="verifyLogin" time="47.008" classname="AnnotationExample.CrossBrowser"/>
  <testcase name="verifyLogin" time="47.645" classname="AnnotationExample.CrossBrowser"/>
</testsuite> <!-- AnnotationExample.CrossBrowser -->
