<?xml version="1.0" encoding="UTF-8"?>
<!-- Generated by org.testng.reporters.JUnitReportReporter -->
<testsuite hostname="DESKTOP-QNHJ5Q7" name="actionExample.DragDropExample2" tests="1" failures="0" timestamp="2 Mar 2023 06:43:37 GMT" time="0.770" errors="0">
  <testcase name="verifyDragDropTest" time="0.770" classname="actionExample.DragDropExample2"/>
</testsuite> <!-- actionExample.DragDropExample2 -->
