<?xml version="1.0" encoding="UTF-8"?>
<!-- Generated by org.testng.reporters.JUnitReportReporter -->
<testsuite skipped="0" hostname="DESKTOP-QNHJ5Q7" name="actionExample.AmaoznCreateWishList" tests="1" failures="0" timestamp="2023-03-13T00:14:23 PDT" time="1.986" errors="0">
  <testcase name="verifyLogin" time="1.986" classname="actionExample.AmaoznCreateWishList"/>
</testsuite> <!-- actionExample.AmaoznCreateWishList -->
